<?xml version="1.0" encoding="UTF-8"?>
<testsuite xmlns:xsi="http://www.w3.org/2001/XMLSchema-instance" xsi:noNamespaceSchemaLocation="https://maven.apache.org/surefire/maven-surefire-plugin/xsd/surefire-test-report.xsd" version="3.0.2" name="club.dao.CategorieDaoTest" time="3.422" tests="4" errors="0" skipped="0" failures="0" flakes="0">
  <properties>
[...]
</properties>
  <testcase name="recupererUneCategorieAvecSesSorties" classname="club.dao.CategorieDaoTest" time="0.302">
    <system-out><![CDATA[02:47:37.364 [main] INFO org.springframework.boot.devtools.restart.RestartApplicationListener -- Restart disabled due to context in which it is running

  .   ____          _            __ _ _
 /\\ / ___'_ __ _ _(_)_ __  __ _ \ \ \ \
( ( )\___ | '_ | '_| | '_ \/ _` | \ \ \ \
 \\/  ___)| |_)| | | | | || (_| |  ) ) ) )
  '  |____| .__|_| |_|_| |_\__, | / / / /
 =========|_|==============|___/=/_/_/_/

 :: Spring Boot ::                (v4.0.5)

2026-04-26T02:47:37.476+02:00  INFO 72424 --- [projet_club_escalade] [           main] club.dao.CategorieDaoTest                : Starting CategorieDaoTest using Java 21.0.4 with PID 72424 (started by mohammedtd in /Users/mohammedtd/projet-escalade_toujad_benhila)
2026-04-26T02:47:37.477+02:00  INFO 72424 --- [projet_club_escalade] [           main] club.dao.CategorieDaoTest                : No active profile set, falling back to 1 default profile: "default"
2026-04-26T02:47:37.764+02:00  INFO 72424 --- [projet_club_escalade] [           main] .s.d.r.c.RepositoryConfigurationDelegate : Bootstrapping Spring Data JPA repositories in DEFAULT mode.
2026-04-26T02:47:37.787+02:00  INFO 72424 --- [projet_club_escalade] [           main] .s.d.r.c.RepositoryConfigurationDelegate : Finished Spring Data repository scanning in 18 ms. Found 4 JPA repository interfaces.
2026-04-26T02:47:38.021+02:00  INFO 72424 --- [projet_club_escalade] [           main] org.hibernate.orm.jpa                    : HHH008540: Processing PersistenceUnitInfo [name: default]
2026-04-26T02:47:38.044+02:00  INFO 72424 --- [projet_club_escalade] [           main] org.hibernate.orm.core                   : HHH000001: Hibernate ORM core version 7.2.7.Final
2026-04-26T02:47:38.217+02:00  INFO 72424 --- [projet_club_escalade] [           main] o.s.o.j.p.SpringPersistenceUnitInfo      : No LoadTimeWeaver setup: ignoring JPA class transformer
2026-04-26T02:47:38.230+02:00  INFO 72424 --- [projet_club_escalade] [           main] com.zaxxer.hikari.HikariDataSource       : HikariPool-1 - Starting...
2026-04-26T02:47:38.304+02:00  INFO 72424 --- [projet_club_escalade] [           main] com.zaxxer.hikari.pool.HikariPool        : HikariPool-1 - Added connection conn0: url=jdbc:h2:mem:testdb user=SA
2026-04-26T02:47:38.305+02:00  INFO 72424 --- [projet_club_escalade] [           main] com.zaxxer.hikari.HikariDataSource       : HikariPool-1 - Start completed.
2026-04-26T02:47:38.325+02:00  WARN 72424 --- [projet_club_escalade] [           main] org.hibernate.orm.deprecation            : HHH90000025: H2Dialect does not need to be specified explicitly using 'hibernate.dialect' (remove the property setting and it will be selected by default)
2026-04-26T02:47:38.335+02:00  INFO 72424 --- [projet_club_escalade] [           main] org.hibernate.orm.connections.pooling    : HHH10001005: Database info:
	Database JDBC URL [jdbc:h2:mem:testdb]
	Database driver: H2 JDBC Driver
	Database dialect: H2Dialect
	Database version: 2.4.240
	Default catalog/schema: TESTDB/PUBLIC
	Autocommit mode: undefined/unknown
	Isolation level: READ_COMMITTED [default READ_COMMITTED]
	JDBC fetch size: 100
	Pool: DataSourceConnectionProvider
	Minimum pool size: undefined/unknown
	Maximum pool size: undefined/unknown
2026-04-26T02:47:38.784+02:00  INFO 72424 --- [projet_club_escalade] [           main] org.hibernate.orm.core                   : HHH000489: No JTA platform available (set 'hibernate.transaction.jta.platform' to enable JTA platform integration)
2026-04-26T02:47:38.816+02:00  INFO 72424 --- [projet_club_escalade] [           main] j.LocalContainerEntityManagerFactoryBean : Initialized JPA EntityManagerFactory for persistence unit 'default'
2026-04-26T02:47:38.859+02:00  INFO 72424 --- [projet_club_escalade] [           main] o.s.d.j.r.query.QueryEnhancerFactories   : Hibernate is in classpath; If applicable, HQL parser will be used.
2026-04-26T02:47:39.457+02:00  WARN 72424 --- [projet_club_escalade] [           main] JpaBaseConfiguration$JpaWebConfiguration : spring.jpa.open-in-view is enabled by default. Therefore, database queries may be performed during view rendering. Explicitly configure spring.jpa.open-in-view to disable this warning
2026-04-26T02:47:39.526+02:00  INFO 72424 --- [projet_club_escalade] [           main] eAuthenticationProviderManagerConfigurer : Global AuthenticationManager configured with AuthenticationProvider bean with name myAuthenticationProvider
2026-04-26T02:47:39.526+02:00  WARN 72424 --- [projet_club_escalade] [           main] r$InitializeUserDetailsManagerConfigurer : Global AuthenticationManager configured with an AuthenticationProvider bean. UserDetailsService beans will not be used by Spring Security for automatically configuring username/password login. Consider removing the AuthenticationProvider bean. Alternatively, consider using the UserDetailsService in a manually instantiated DaoAuthenticationProvider. If the current configuration is intentional, to turn off this warning, increase the logging level of 'org.springframework.security.config.annotation.authentication.configuration.InitializeUserDetailsBeanManagerConfigurer' to ERROR
2026-04-26T02:47:39.600+02:00  WARN 72424 --- [projet_club_escalade] [           main] o.s.s.c.a.web.builders.WebSecurity       : You are asking Spring Security to ignore PathPattern [/webjars/**]. This is not recommended -- please use permitAll via HttpSecurity#authorizeHttpRequests instead.
2026-04-26T02:47:39.803+02:00  INFO 72424 --- [projet_club_escalade] [           main] club.dao.CategorieDaoTest                : Started CategorieDaoTest in 2.443 seconds (process running for 2.966)
=== Initialisation démarrée ===
=== Données initialisées ===
=== Nb catégories : 5 ===
=== Nb membres : 5 ===
=== Nb sorties : 20 ===
]]></system-out>
    <system-err><![CDATA[Mockito is currently self-attaching to enable the inline-mock-maker. This will no longer work in future releases of the JDK. Please add Mockito as an agent to your build as described in Mockito's documentation: https://javadoc.io/doc/org.mockito/mockito-core/latest/org.mockito/org/mockito/Mockito.html#0.3
WARNING: A Java agent has been loaded dynamically (/Users/mohammedtd/.m2/repository/net/bytebuddy/byte-buddy-agent/1.17.8/byte-buddy-agent-1.17.8.jar)
WARNING: If a serviceability tool is in use, please run with -XX:+EnableDynamicAgentLoading to hide this warning
WARNING: If a serviceability tool is not in use, please run with -Djdk.instrument.traceUsage for more information
WARNING: Dynamic loading of agents will be disallowed by default in a future release
]]></system-err>
  </testcase>
  <testcase name="recupererToutesLesCategories" classname="club.dao.CategorieDaoTest" time="0.003"/>
  <testcase name="enregistrerUneCategorie" classname="club.dao.CategorieDaoTest" time="0.003"/>
  <testcase name="supprimerUneCategorie" classname="club.dao.CategorieDaoTest" time="0.005"/>
</testsuite>